<?xml version="1.0" encoding="UTF-8"?>
<!-- Generated by org.testng.reporters.JUnitXMLReporter -->
<testsuite hostname="Gangambikas-MBP" ignored="0" name="MosaicTestApp" tests="10" failures="3" timestamp="25 May 2018 13:04:16 GMT" time="22.866" errors="0">
  <testcase name="loginElementsPresent" time="0.113" classname="tests.LoginTest"/>
  <testcase name="loginWithNoCredentials" time="0.303" classname="tests.LoginTest">
    <failure type="java.lang.AssertionError" message="Login shouldn&amp;apos;t work with no or invalid credentials expected [false] but found [true]">
      <![CDATA[java.lang.AssertionError: Login shouldn't work with no or invalid credentials expected [false] but found [true]
at tests.LoginTest.loginWithNoCredentials(LoginTest.java:67)
... Removed 28 stack frames]]>
    </failure>
  </testcase> <!-- loginWithNoCredentials -->
  <testcase name="loginWithValidCredentials" time="0.366" classname="tests.LoginTest"/>
  <testcase name="logoutTest" time="0.274" classname="tests.LoginTest">
    <failure type="java.lang.AssertionError" message="Click on Signout button is not working expected [false] but found [true]">
      <![CDATA[java.lang.AssertionError: Click on Signout button is not working expected [false] but found [true]
at tests.LoginTest.logoutTest(LoginTest.java:78)
... Removed 28 stack frames]]>
    </failure>
  </testcase> <!-- logoutTest -->
  <testcase name="assertColumnCount" time="1.636" classname="tests.DashboardTest"/>
  <testcase name="assertCurrencyInTableMatchesAPI" time="2.316" classname="tests.DashboardTest"/>
  <testcase name="assertNoEmptyCell" time="1.98" classname="tests.DashboardTest"/>
  <testcase name="assertRateInTableMatchesAPI" time="2.311" classname="tests.DashboardTest"/>
  <testcase name="assertRowCountWithAPIDataSize" time="2.448" classname="tests.DashboardTest">
    <failure type="java.lang.AssertionError" message="The table row count doesnt match with api rate data count. Not all the currencies are fetched in the table from api expected [32] but found [10]">
      <![CDATA[java.lang.AssertionError: The table row count doesnt match with api rate data count. Not all the currencies are fetched in the table from api expected [32] but found [10]
at tests.DashboardTest.assertRowCountWithAPIDataSize(DashboardTest.java:47)
... Removed 30 stack frames]]>
    </failure>
  </testcase> <!-- assertRowCountWithAPIDataSize -->
  <testcase name="checkRateDataPresentInAPI" time="0.069" classname="tests.APIResponseTest"/>
</testsuite> <!-- MosaicTestApp -->
